<?xml version="1.0" encoding="UTF-8"?>
<testsuite xmlns:xsi="http://www.w3.org/2001/XMLSchema-instance" xsi:noNamespaceSchemaLocation="https://maven.apache.org/surefire/maven-surefire-plugin/xsd/surefire-test-report-3.0.xsd" version="3.0" name="org.kolis1on.telegrambot.TelegramBotApplicationTests" time="7.093" tests="1" errors="0" skipped="0" failures="0">
  <properties>
[...]
</properties>
  <testcase name="contextLoads" classname="org.kolis1on.telegrambot.TelegramBotApplicationTests" time="0.548">
    <system-out><![CDATA[12:15:29.550 [main] INFO org.springframework.test.context.support.AnnotationConfigContextLoaderUtils -- Could not detect default configuration classes for test class [org.kolis1on.telegrambot.TelegramBotApplicationTests]: TelegramBotApplicationTests does not declare any static, non-private, non-final, nested classes annotated with @Configuration.
12:15:29.671 [main] INFO org.springframework.boot.test.context.SpringBootTestContextBootstrapper -- Found @SpringBootConfiguration org.kolis1on.telegrambot.TelegramBotApplication for test class org.kolis1on.telegrambot.TelegramBotApplicationTests
  .   ____          _            __ _ _
 /\\ / ___'_ __ _ _(_)_ __  __ _ \ \ \ \
( ( )\___ | '_ | '_| | '_ \/ _` | \ \ \ \
 \\/  ___)| |_)| | | | | || (_| |  ) ) ) )
  '  |____| .__|_| |_|_| |_\__, | / / / /
 =========|_|==============|___/=/_/_/_/

 :: Spring Boot ::                (v3.3.0)

2024-06-15T12:15:30.091+03:00  WARN 29140 --- [TelegramBot] [           main] ory$DuplicateJsonObjectContextCustomizer : 

Found multiple occurrences of org.json.JSONObject on the class path:

	jar:file:/C:/Users/iobor/.m2/repository/com/vaadin/external/google/android-json/0.0.20131108.vaadin1/android-json-0.0.20131108.vaadin1.jar!/org/json/JSONObject.class
	jar:file:/C:/Users/iobor/.m2/repository/org/json/json/20220320/json-20220320.jar!/org/json/JSONObject.class

You may wish to exclude one of them to ensure predictable runtime behavior

2024-06-15T12:15:30.109+03:00  INFO 29140 --- [TelegramBot] [           main] o.k.t.TelegramBotApplicationTests        : Starting TelegramBotApplicationTests using Java 17.0.10 with PID 29140 (started by iobor in D:\tgbot\TelegramBot)
2024-06-15T12:15:30.110+03:00  INFO 29140 --- [TelegramBot] [           main] o.k.t.TelegramBotApplicationTests        : No active profile set, falling back to 1 default profile: "default"
2024-06-15T12:15:30.805+03:00  INFO 29140 --- [TelegramBot] [           main] .s.d.r.c.RepositoryConfigurationDelegate : Bootstrapping Spring Data JPA repositories in DEFAULT mode.
2024-06-15T12:15:30.874+03:00  INFO 29140 --- [TelegramBot] [           main] .s.d.r.c.RepositoryConfigurationDelegate : Finished Spring Data repository scanning in 58 ms. Found 2 JPA repository interfaces.
2024-06-15T12:15:31.325+03:00  INFO 29140 --- [TelegramBot] [           main] o.hibernate.jpa.internal.util.LogHelper  : HHH000204: Processing PersistenceUnitInfo [name: default]
2024-06-15T12:15:31.397+03:00  INFO 29140 --- [TelegramBot] [           main] org.hibernate.Version                    : HHH000412: Hibernate ORM core version 6.5.2.Final
2024-06-15T12:15:31.444+03:00  INFO 29140 --- [TelegramBot] [           main] o.h.c.internal.RegionFactoryInitiator    : HHH000026: Second-level cache disabled
2024-06-15T12:15:31.832+03:00  INFO 29140 --- [TelegramBot] [           main] o.s.o.j.p.SpringPersistenceUnitInfo      : No LoadTimeWeaver setup: ignoring JPA class transformer
2024-06-15T12:15:31.866+03:00  INFO 29140 --- [TelegramBot] [           main] com.zaxxer.hikari.HikariDataSource       : HikariPool-1 - Starting...
2024-06-15T12:15:32.989+03:00  INFO 29140 --- [TelegramBot] [           main] com.zaxxer.hikari.pool.HikariPool        : HikariPool-1 - Added connection org.postgresql.jdbc.PgConnection@b86cb18
2024-06-15T12:15:32.990+03:00  INFO 29140 --- [TelegramBot] [           main] com.zaxxer.hikari.HikariDataSource       : HikariPool-1 - Start completed.
2024-06-15T12:15:33.058+03:00  WARN 29140 --- [TelegramBot] [           main] org.hibernate.orm.deprecation            : HHH90000025: PostgreSQLDialect does not need to be specified explicitly using 'hibernate.dialect' (remove the property setting and it will be selected by default)
2024-06-15T12:15:34.084+03:00  INFO 29140 --- [TelegramBot] [           main] o.h.e.t.j.p.i.JtaPlatformInitiator       : HHH000489: No JTA platform available (set 'hibernate.transaction.jta.platform' to enable JTA platform integration)
2024-06-15T12:15:34.532+03:00  INFO 29140 --- [TelegramBot] [           main] j.LocalContainerEntityManagerFactoryBean : Initialized JPA EntityManagerFactory for persistence unit 'default'
2024-06-15T12:15:35.495+03:00  WARN 29140 --- [TelegramBot] [           main] JpaBaseConfiguration$JpaWebConfiguration : spring.jpa.open-in-view is enabled by default. Therefore, database queries may be performed during view rendering. Explicitly configure spring.jpa.open-in-view to disable this warning
2024-06-15T12:15:35.896+03:00  INFO 29140 --- [TelegramBot] [           main] o.k.t.TelegramBotApplicationTests        : Started TelegramBotApplicationTests in 6.049 seconds (process running for 7.203)
]]></system-out>
  </testcase>
</testsuite>